<?xml version="1.0" encoding="UTF-8"?>
<!-- Generated by org.testng.reporters.JUnitReportReporter -->
<testsuite skipped="0" hostname="DESKTOP-G2N9O9C" name="com.zumic.automation.Without_Login_Smoke_Test_Case" tests="1" failures="0" timestamp="21 Feb 2020 09:46:38 GMT" time="414.213" errors="0">
  <testcase name="SmokeTestCase" time="414.213" classname="com.zumic.automation.Without_Login_Smoke_Test_Case"/>
</testsuite> <!-- com.zumic.automation.Without_Login_Smoke_Test_Case -->
