<?xml version="1.0" encoding="UTF-8"?>
<!-- Generated by org.testng.reporters.JUnitReportReporter -->
<testsuite hostname="DESKTOP-GNR27S3" failures="0" tests="1" name="com.bluetail.aero.automation.Launching_Bluetail_Aero_Site" time="35.701" errors="0" timestamp="18 Feb 2021 10:11:58 GMT" skipped="0">
  <testcase classname="com.bluetail.aero.automation.Launching_Bluetail_Aero_Site" name="SmokeTestCase" time="35.701"/>
</testsuite> <!-- com.bluetail.aero.automation.Launching_Bluetail_Aero_Site -->
